<?xml version="1.0" encoding="UTF-8"?>
<!-- Generated by org.testng.reporters.JUnitReportReporter -->
<testsuite hostname="jayesh-pc" failures="0" tests="5" name="TestCases.Priority1" time="0.039" errors="0" timestamp="2022-04-14T20:15:50 IST" skipped="2">
  <testcase classname="TestCases.Priority1" name="method2" time="0.028"/>
  <system-out/>
  <testcase classname="TestCases.Priority1" name="method3" time="0.005"/>
  <system-out/>
  <testcase classname="TestCases.Priority1" name="method4" time="0.006"/>
  <system-out/>
  <testcase classname="TestCases.Priority1" name="method1">
    <skipped/>
  </testcase> <!-- method1 -->
  <system-out/>
  <testcase classname="TestCases.Priority1" name="method5">
    <skipped/>
  </testcase> <!-- method5 -->
  <system-out/>
</testsuite> <!-- TestCases.Priority1 -->
