<?xml version="1.0" encoding="UTF-8"?>
<!-- Generated by org.testng.reporters.JUnitReportReporter -->
<testsuite hostname="jayesh-pc" failures="0" tests="7" name="TestCases.DashboardPageTest" time="142.613" errors="0" timestamp="2022-04-15T10:45:16 IST" skipped="0">
  <testcase classname="TestCases.DashboardPageTest" name="verifyStartInvestingBtnTest" time="16.243"/>
  <system-out>
    <![CDATA[Start investing button is enabled = true]]>
  </system-out>
  <testcase classname="TestCases.DashboardPageTest" name="verifyEmailIdTextTest" time="14.877"/>
  <system-out>
    <![CDATA[Email text is displayed and email is = ravi101285@gmail.com]]>
  </system-out>
  <testcase classname="TestCases.DashboardPageTest" name="verifyGTTShareTest" time="35.525"/>
  <system-out/>
  <testcase classname="TestCases.DashboardPageTest" name="verifyUserIdProfileTest" time="15.381"/>
  <system-out>
    <![CDATA[UserIdProfile is clickable = true]]>
  </system-out>
  <testcase classname="TestCases.DashboardPageTest" name="verifyFullnameTextTest" time="16.666"/>
  <system-out>
    <![CDATA[FUllname is = Ravindra Prakash Mahajan]]>
  </system-out>
  <testcase classname="TestCases.DashboardPageTest" name="verifySharesBuyCancelTest" time="27.049"/>
  <system-out/>
  <testcase classname="TestCases.DashboardPageTest" name="verifyNicknameTest" time="16.872"/>
  <system-out>
    <![CDATA[Nickname is present = Ravindra]]>
  </system-out>
</testsuite> <!-- TestCases.DashboardPageTest -->
