<?xml version="1.0" encoding="UTF-8"?>
<!-- Generated by org.testng.reporters.JUnitReportReporter -->
<testsuite hostname="jayesh-pc" failures="0" tests="4" name="TestCases.Priority" time="17.836" errors="0" timestamp="2022-04-11T00:39:59 IST" skipped="3">
  <testcase classname="TestCases.Priority" name="loginZerodhaAccountTest" time="17.836"/>
  <system-out/>
  <testcase classname="TestCases.Priority" name="validateLoginPageTitleTest">
    <skipped/>
  </testcase> <!-- validateLoginPageTitleTest -->
  <system-out/>
  <testcase classname="TestCases.Priority" name="validateZerodhaLogoTest">
    <skipped/>
  </testcase> <!-- validateZerodhaLogoTest -->
  <system-out/>
  <testcase classname="TestCases.Priority" name="validateKiteLogoTest">
    <skipped/>
  </testcase> <!-- validateKiteLogoTest -->
  <system-out/>
</testsuite> <!-- TestCases.Priority -->
