<?xml version="1.0" encoding="UTF-8"?>
<!-- Generated by org.testng.reporters.JUnitReportReporter -->
<testsuite hostname="jayesh-pc" failures="0" tests="4" name="TestCases.LoginPageTest" time="37.868" errors="0" timestamp="2022-04-15T10:34:26 IST" skipped="0">
  <testcase classname="TestCases.LoginPageTest" name="loginZerodhaAccountTest" time="15.672"/>
  <system-out/>
  <testcase classname="TestCases.LoginPageTest" name="validateKiteLogoTest" time="6.310"/>
  <system-out>
    <![CDATA[is kitelogo displayed = true]]>
  </system-out>
  <testcase classname="TestCases.LoginPageTest" name="validateLoginPageTitleTest" time="6.691"/>
  <system-out>
    <![CDATA[Title of login page = Kite - Zerodha's fast and elegant flagship trading platform]]>
  </system-out>
  <testcase classname="TestCases.LoginPageTest" name="validateZerodhaLogoTest" time="9.195"/>
  <system-out>
    <![CDATA[is Zerodha logo displayed = true]]>
  </system-out>
</testsuite> <!-- TestCases.LoginPageTest -->
