<?xml version="1.0" encoding="UTF-8"?>
<!-- Generated by org.testng.reporters.JUnitReportReporter -->
<testsuite hostname="jayesh-pc" failures="0" tests="3" name="TestCases.FailedTest" time="0.037" errors="0" timestamp="2022-04-15T10:55:16 IST" skipped="0">
  <testcase classname="TestCases.FailedTest" name="method11" time="0.004"/>
  <system-out/>
  <testcase classname="TestCases.FailedTest" name="method6" time="0.029"/>
  <system-out/>
  <testcase classname="TestCases.FailedTest" name="method5" time="0.004"/>
  <system-out/>
</testsuite> <!-- TestCases.FailedTest -->
