<?xml version="1.0" encoding="UTF-8"?>
<!-- Generated by org.testng.reporters.JUnitReportReporter -->
<testsuite hostname="jayesh-pc" failures="0" tests="6" name="TestCases.GroupTest" time="0.075" errors="0" timestamp="2022-04-13T12:16:06 IST" skipped="0">
  <testcase classname="TestCases.GroupTest" name="method2" time="0.004"/>
  <system-out/>
  <testcase classname="TestCases.GroupTest" name="method6" time="0.032"/>
  <system-out/>
  <testcase classname="TestCases.GroupTest" name="method5" time="0.012"/>
  <system-out/>
  <testcase classname="TestCases.GroupTest" name="method3" time="0.008"/>
  <system-out/>
  <testcase classname="TestCases.GroupTest" name="method4" time="0.008"/>
  <system-out/>
  <testcase classname="TestCases.GroupTest" name="method1" time="0.011"/>
  <system-out/>
</testsuite> <!-- TestCases.GroupTest -->
